<?xml version="1.0" encoding="UTF-8"?>
<testsuite xmlns:xsi="http://www.w3.org/2001/XMLSchema-instance" xsi:noNamespaceSchemaLocation="https://maven.apache.org/surefire/maven-surefire-plugin/xsd/surefire-test-report-3.0.xsd" version="3.0" name="com.javatechie.StripePaymentApplicationTests" time="4.384" tests="1" errors="0" skipped="0" failures="0">
  <properties>
[...]
</properties>
  <testcase name="contextLoads" classname="com.javatechie.StripePaymentApplicationTests" time="1.061">
    <system-out><![CDATA[10:09:14.136 [main] INFO org.springframework.test.context.support.AnnotationConfigContextLoaderUtils -- Could not detect default configuration classes for test class [com.javatechie.StripePaymentApplicationTests]: StripePaymentApplicationTests does not declare any static, non-private, non-final, nested classes annotated with @Configuration.
10:09:14.258 [main] INFO org.springframework.boot.test.context.SpringBootTestContextBootstrapper -- Found @SpringBootConfiguration com.javatechie.StripePaymentApplication for test class com.javatechie.StripePaymentApplicationTests

  .   ____          _            __ _ _
 /\\ / ___'_ __ _ _(_)_ __  __ _ \ \ \ \
( ( )\___ | '_ | '_| | '_ \/ _` | \ \ \ \
 \\/  ___)| |_)| | | | | || (_| |  ) ) ) )
  '  |____| .__|_| |_|_| |_\__, | / / / /
 =========|_|==============|___/=/_/_/_/

 :: Spring Boot ::                (v3.3.3)

2024-11-24T10:09:14.726+05:30  INFO 28832 --- [stripe-payment] [           main] c.j.StripePaymentApplicationTests        : Starting StripePaymentApplicationTests using Java 17.0.12 with PID 28832 (started by Vishal in C:\sts\stripe-payment)
2024-11-24T10:09:14.728+05:30  INFO 28832 --- [stripe-payment] [           main] c.j.StripePaymentApplicationTests        : No active profile set, falling back to 1 default profile: "default"
2024-11-24T10:09:16.604+05:30  INFO 28832 --- [stripe-payment] [           main] o.s.b.a.w.s.WelcomePageHandlerMapping    : Adding welcome page template: index
2024-11-24T10:09:17.173+05:30  INFO 28832 --- [stripe-payment] [           main] c.j.StripePaymentApplicationTests        : Started StripePaymentApplicationTests in 2.729 seconds (process running for 3.879)
]]></system-out>
  </testcase>
</testsuite>